[www.staxcycleclub.com/index.html]
[static.parastorage.com/unpkg/core-js-bundle@3.2.1/minified.js]
[static.parastorage.com/unpkg/focus-within-polyfill@5.0.9/dist/focus-within-polyfill.js]
[backblue.gif]
[fade.gif]
[index.html]
[polyfill.io/v3/polyfill.mind82c.js]
[browser.sentry-cdn.com/6.18.2/bundle.min.js]
[www.staxcycleclub.com/decodeURIComponent(e.4.delayed]
[www.staxcycleclub.com/sitemap.xml]
[www.staxcycleclub.com/feed.6.delayed]
[static.parastorage.com/services/wix-thunderbolt/dist/ab-test-compilation/thunderbolt-commons.7ca534fa.bundle.min.js]
[static.parastorage.com/services/wix-thunderbolt/dist/ab-test-compilation/main.c16c2c7f.bundle.min.js]
[static.parastorage.com/unpkg/lodash@4.17.21/lodash.min.js]
[static.parastorage.com/unpkg/react@16.14.0/umd/react.production.min.js]
[static.parastorage.com/services/wix-code-platform/1.1097.93/elementory-browser-support.min.js]
[static.parastorage.com/services/tag-manager-client/1.427.0/siteTags.bundle.min.js]
[script.tapfiliate.com/tapfiliate.js]
[static.parastorage.com/services/wix-perf-measure/1.1042.0/wix-perf-measure.bundle.min.js]
[static.parastorage.com/unpkg/react-dom@16.14.0/umd/react-dom.production.min.js]
[www.staxcycleclub.com/eec152dc.min.10.delayed]
[www.staxcycleclub.com/b604fd33.min.11.delayed]
[www.staxcycleclub.com/5563c182.min.12.delayed]
[www.staxcycleclub.com/7c602eb2.min.13.delayed]
[www.staxcycleclub.com/caeea34d.min.14.delayed]
[www.staxcycleclub.com/d85988d5.min.15.delayed]
[www.staxcycleclub.com/b6457402.min.16.delayed]
[www.staxcycleclub.com/99a6a99f.min.17.delayed]
[www.staxcycleclub.com/2b8b066f.min.18.delayed]
[www.staxcycleclub.com/34b72cf9.min.19.delayed]
[www.staxcycleclub.com/d078781b.min.1a.delayed]
[www.staxcycleclub.com/7a36fe10.chunk.min.1b.delayed]
[www.staxcycleclub.com/e3671379.chunk.min.1c.delayed]
[www.staxcycleclub.com/rb_wixui.thunderbolt_bootstrap-classic.db545a77.chunk.min.1d.delayed]
[www.staxcycleclub.com/rb_wixui.thunderbolt_bootstrap.8a86afda.chunk.min.1e.delayed]
[www.staxcycleclub.com/rb_wixui.thunderbolt_bootstrap.7a36fe10.chunk.min.1f.delayed]
[www.staxcycleclub.com/rb_wixui.thunderbolt_bootstrap-responsive.f3ca696f.chunk.min.20.delayed]
[www.staxcycleclub.com/rb_wixui.thunderbolt_bootstrap-responsive.e3671379.chunk.min.21.delayed]
[www.staxcycleclub.com/rb_wixui.thunderbolt_common-site-members-dialogs.384b0b57.chunk.min.22.delayed]
[www.staxcycleclub.com/rb_wixui.thunderbolt_common-site-members-dialogs.2059cbfd.chunk.min.23.delayed]
[www.staxcycleclub.com/rb_wixui.corvid_core.3ae99ef5.chunk.min.24.delayed]
[static.wixstatic.com/media/85bcec_56554c28031a4267a4981afb87d33aa4_mv2.png/v1/fill/w_138,h_58,al_c,q_85,usm_0.66_1.00_0.01,enc_aut/Stax Cycle Club Logo Black_Symb]
[www.staxcycleclub.com/on-demand.html]
[www.staxcycleclub.com/beginner-content.html]
[www.staxcycleclub.com/virtual-studio-home.html]
[www.staxcycleclub.com/stackables.html]
[www.staxcycleclub.com/copy-of-spin.html]
[www.staxcycleclub.com/blog.html]
[static.wixstatic.com/media/a27d70_679a7ef183bf44f9b0320b9de5fb33b3f000.jpg/v1/fill/w_147,h_83,al_c,q_80,usm_0.66_1.00_0.01,blur_2,/a27d70_679a7ef183bf44f9b0320b9d]
[static.wixstatic.com/media/a27d70_0313b8cba69e4ed1bbc59153830cfd9b_mv2.png/v1/fill/w_160,h_102,al_c,q_85,usm_0.66_1.00_0.01,blur_3/a27d70_0313b8cba69e4ed1bbc59153]
[static.wixstatic.com/media/e25496_652cddab05a644a2a04d4db876ccbc13_mv2.jpg/v1/fill/w_120,h_160,al_c,q_80,usm_0.66_1.00_0.01,blur_3/e25496_652cddab05a644a2a04d4db8]
[www.staxcycleclub.com/cart-page.html]
[static.wixstatic.com/media/9547f4_3b37222ec5144492829619d5809d05c7_mv2.jpe/v1/fill/w_120,h_160,al_c,q_80,usm_0.66_1.00_0.01,blur_3/9547f4_3b37222ec5144492829619d5]
[static.wixstatic.com/media/87c7a6_fc60df10724645adb28f93ca5939ac99_mv2.jpg/v1/fill/w_120,h_160,al_c,q_80,usm_0.66_1.00_0.01,blur_3/87c7a6_fc60df10724645adb28f93ca]
[static.wixstatic.com/media/b2a4d5_42ef9f37e49d4768a1de785e40491bf0_mv2.jpe/v1/fill/w_120,h_160,al_c,q_80,usm_0.66_1.00_0.01,blur_3/b2a4d5_42ef9f37e49d4768a1de785e]
[static.wixstatic.com/media/7d7c0f_0f5a3bc72a1043f68f0d49f2838e7644_mv2.jpe/v1/fill/w_120,h_160,al_c,q_80,usm_0.66_1.00_0.01,blur_3/7d7c0f_0f5a3bc72a1043f68f0d49f2]
[static.wixstatic.com/media/756eb5_f116209276dd40aa902d3229dcfbe5b0_mv2.jpg/v1/fill/w_108,h_160,al_c,q_80,usm_0.66_1.00_0.01,blur_3/756eb5_f116209276dd40aa902d3229]
[static.wixstatic.com/media/85bcec_89d553bc47a44f9abfb5e05e1cd35e4e_mv2.jpg/v1/fill/w_319,h_239,fp_0.50_0.50,q_90,enc_auto/85bcec_89d553bc47a44f9abfb5e05e1cd35e4e_]
[static.wixstatic.com/media/85bcec_89d553bc47a44f9abfb5e05e1cd35e4e_mv2.jpg/v1/fill/w_250,h_250,fp_0.50_0.50,q_30,blur_30,enc_auto/85bcec_89d553bc47a44f9abfb5e05e1]
[static.wixstatic.com/media/f38575_344363fa795942e7b8db3a7f0afdc798_mv2.png/v1/fill/w_319,h_239,fp_0.50_0.50,q_95,enc_auto/f38575_344363fa795942e7b8db3a7f0afdc798_]
[www.staxcycleclub.com/post/how-stax-yoga-can-improve-your-posture-and-why-you-should-care.html]
[static.wixstatic.com/media/f38575_2e25cb05037f46ccab8dee9fee06c8ea_mv2.png/v1/fill/w_318,h_239,fp_0.50_0.50,q_95,enc_auto/f38575_2e25cb05037f46ccab8dee9fee06c8ea_]
[www.staxcycleclub.com/post/your-pelvic-floor.html]
[static.wixstatic.com/media/f38575_9660a6f677824b278a7e75f0d36aa3a1_mv2.jpg/v1/fill/w_250,h_250,fp_0.50_0.50,q_30,blur_30,enc_auto/f38575_9660a6f677824b278a7e75f0d]
[static.wixstatic.com/media/f38575_9660a6f677824b278a7e75f0d36aa3a1_mv2.jpg/v1/fill/w_319,h_239,fp_0.50_0.50,q_90,enc_auto/f38575_9660a6f677824b278a7e75f0d36aa3a1_]
[www.staxcycleclub.com/post/why-strength-training-is-important.html]
[static.wixstatic.com/media/85bcec_1be3ede3235442a38d25df8054a98d5d_mv2.jpg/v1/fill/w_319,h_239,fp_0.50_0.50,q_90,enc_auto/85bcec_1be3ede3235442a38d25df8054a98d5d_]
[static.wixstatic.com/media/85bcec_1be3ede3235442a38d25df8054a98d5d_mv2.jpg/v1/fill/w_250,h_250,fp_0.50_0.50,q_30,blur_30,enc_auto/85bcec_1be3ede3235442a38d25df805]
[www.staxcycleclub.com/post/get-up-off-your-glutes-girl.html]
[static.wixstatic.com/media/f38575_7d440a41ba024048b3c3f5f10993d61a_mv2.jpg/v1/fill/w_318,h_239,fp_0.50_0.50,q_90,enc_auto/f38575_7d440a41ba024048b3c3f5f10993d61a_]
[static.wixstatic.com/media/f38575_7d440a41ba024048b3c3f5f10993d61a_mv2.jpg/v1/fill/w_250,h_250,fp_0.50_0.50,q_30,blur_30,enc_auto/f38575_7d440a41ba024048b3c3f5f10]
[www.staxcycleclub.com/post/the-don-t-and-dos-of-new-spin-shoes.html]
[www.staxcycleclub.com/index.html]
[www.staxcycleclub.com/decodeURIComponent(e.html]
[www.staxcycleclub.com/feed.html]
[www.staxcycleclub.com/eec152dc.min.html]
[www.staxcycleclub.com/b604fd33.min.html]
[www.staxcycleclub.com/5563c182.min.html]
[www.staxcycleclub.com/7c602eb2.min.html]
[www.staxcycleclub.com/caeea34d.min.html]
[www.staxcycleclub.com/d85988d5.min.html]
[www.staxcycleclub.com/b6457402.min.html]
[www.staxcycleclub.com/99a6a99f.min.html]
[www.staxcycleclub.com/2b8b066f.min.html]
[www.staxcycleclub.com/34b72cf9.min.html]
[www.staxcycleclub.com/d078781b.min.html]
[www.staxcycleclub.com/7a36fe10.chunk.min.html]
[www.staxcycleclub.com/e3671379.chunk.min.html]
[www.staxcycleclub.com/rb_wixui.thunderbolt_bootstrap-classic.db545a77.chunk.min.html]
[www.staxcycleclub.com/rb_wixui.thunderbolt_bootstrap.8a86afda.chunk.min.html]
[www.staxcycleclub.com/rb_wixui.thunderbolt_bootstrap.7a36fe10.chunk.min.html]
[www.staxcycleclub.com/rb_wixui.thunderbolt_bootstrap-responsive.f3ca696f.chunk.min.html]
[www.staxcycleclub.com/rb_wixui.thunderbolt_bootstrap-responsive.e3671379.chunk.min.html]
[www.staxcycleclub.com/rb_wixui.thunderbolt_common-site-members-dialogs.384b0b57.chunk.min.html]
[www.staxcycleclub.com/rb_wixui.thunderbolt_common-site-members-dialogs.2059cbfd.chunk.min.html]
[www.staxcycleclub.com/rb_wixui.corvid_core.3ae99ef5.chunk.min.html]
[static.parastorage.com/services/pricing-plans-tpa/1.2216.0/client/List.chunk.min.css]
[www.staxcycleclub.com/post/self-care-tips-to-beat-the-winter-blues.html]
[static.parastorage.com/services/pricing-plans-tpa/1.2216.0/client/7724.chunk.min.js]
[static.parastorage.com/services/pricing-plans-tpa/1.2216.0/client/List.chunk.min.js]
[www.staxcycleclub.com/02b07b80.min.48.delayed]
[static.wixstatic.com/media/a27d70_d5ff9e8cd28e40ce8c1abd8f5daaee45f000.jpg/v1/fill/w_122,h_69,al_c,q_80,usm_0.66_1.00_0.01,blur_2,/a27d70_d5ff9e8cd28e40ce8c1abd8f]
[static.wixstatic.com/media/a27d70_0841be9563b84775ba108302ffca2fe5f000.jpg/v1/fill/w_122,h_69,al_c,q_80,usm_0.66_1.00_0.01,blur_2,/a27d70_0841be9563b84775ba108302]
[static.wixstatic.com/media/a27d70_d5bf8dc602114731bc8a747246ff636a_mv2.jpg/v1/fill/w_92,h_62,al_c,q_80,usm_0.66_1.00_0.01,blur_2,e/a27d70_d5bf8dc602114731bc8a7472]
[www.staxcycleclub.com/bonus.html]
[www.staxcycleclub.com/on-demand.html]
[www.staxcycleclub.com/beginner-content.html]
[www.staxcycleclub.com/virtual-studio-home.html]
[www.staxcycleclub.com/stackables.html]
[www.staxcycleclub.com/copy-of-spin.html]
[www.staxcycleclub.com/virtual-studio.html]
[static.wixstatic.com/media/f38575_344363fa795942e7b8db3a7f0afdc798_mv2.png/v1/fill/w_292,h_165,fp_0.50_0.50,q_95,enc_auto/f38575_344363fa795942e7b8db3a7f0afdc798_]
[static.wixstatic.com/media/85bcec_89d553bc47a44f9abfb5e05e1cd35e4e_mv2.jpg/v1/fill/w_292,h_165,fp_0.50_0.50,q_90,enc_auto/85bcec_89d553bc47a44f9abfb5e05e1cd35e4e_]
[static.wixstatic.com/media/f38575_2e25cb05037f46ccab8dee9fee06c8ea_mv2.png/v1/fill/w_292,h_165,fp_0.50_0.50,q_95,enc_auto/f38575_2e25cb05037f46ccab8dee9fee06c8ea_]
[static.wixstatic.com/media/85bcec_1be3ede3235442a38d25df8054a98d5d_mv2.jpg/v1/fill/w_292,h_165,fp_0.50_0.50,q_90,enc_auto/85bcec_1be3ede3235442a38d25df8054a98d5d_]
[static.wixstatic.com/media/f38575_9660a6f677824b278a7e75f0d36aa3a1_mv2.jpg/v1/fill/w_292,h_165,fp_0.50_0.50,q_90,enc_auto/f38575_9660a6f677824b278a7e75f0d36aa3a1_]
[static.wixstatic.com/media/f38575_7d440a41ba024048b3c3f5f10993d61a_mv2.jpg/v1/fill/w_292,h_165,fp_0.50_0.50,q_90,enc_auto/f38575_7d440a41ba024048b3c3f5f10993d61a_]
[static.wixstatic.com/media/f38575_314985f57b184952aef04b132218368d_mv2.jpg/v1/fill/w_292,h_165,fp_0.50_0.50,q_90,enc_auto/f38575_314985f57b184952aef04b132218368d_]
[static.wixstatic.com/media/f38575_314985f57b184952aef04b132218368d_mv2.jpg/v1/fill/w_250,h_250,fp_0.50_0.50,q_30,blur_30,enc_auto/f38575_314985f57b184952aef04b132]
[static.wixstatic.com/media/f38575_06a8e768715a4b3aa1550b263f2f99d8_mv2.png/v1/fill/w_292,h_165,fp_0.50_0.50,q_95,enc_auto/f38575_06a8e768715a4b3aa1550b263f2f99d8_]
[www.staxcycleclub.com/post/stax-your-way-back-on-track.html]
[static.wixstatic.com/media/f38575_612bb0773e504fc78990518410f00337_mv2.png/v1/fill/w_292,h_165,fp_0.50_0.50,q_95,enc_auto/f38575_612bb0773e504fc78990518410f00337_]
[www.staxcycleclub.com/post/holiday-guide-to-gifts-for-spin-class-lovers.html]
[static.wixstatic.com/media/f38575_c49d13cbb4ff423f92c3d68c1e3d77db_mv2.jpe/v1/fill/w_250,h_250,fp_0.50_0.50,q_30,blur_30,enc_auto/f38575_c49d13cbb4ff423f92c3d68c1]
[static.wixstatic.com/media/f38575_c49d13cbb4ff423f92c3d68c1e3d77db_mv2.jpe/v1/fill/w_292,h_165,fp_0.50_0.50,q_90,enc_auto/f38575_c49d13cbb4ff423f92c3d68c1e3d77db_]
[www.staxcycleclub.com/post/treat-yo-elf-healthy-holiday-treats.html]
[static.wixstatic.com/media/f38575_b26d41b2f63d43ac8d04b710e94e6c2d_mv2.jpg/v1/fill/w_292,h_165,fp_0.50_0.50,q_90,enc_auto/f38575_b26d41b2f63d43ac8d04b710e94e6c2d_]
[static.wixstatic.com/media/f38575_b26d41b2f63d43ac8d04b710e94e6c2d_mv2.jpg/v1/fill/w_250,h_250,fp_0.50_0.50,q_30,blur_30,enc_auto/f38575_b26d41b2f63d43ac8d04b710e]
[www.staxcycleclub.com/post/getting-staying-organized-for-the-new-year.html]
[static.wixstatic.com/media/a27d70_302911af7ed44f0f9601651a64a95dc6_mv2.jpg/v1/fill/w_250,h_250,fp_0.50_0.50,q_30,blur_30,enc_auto/a27d70_302911af7ed44f0f9601651a6]
[static.wixstatic.com/media/a27d70_302911af7ed44f0f9601651a64a95dc6_mv2.jpg/v1/fill/w_292,h_165,fp_0.50_0.50,q_90,enc_auto/a27d70_302911af7ed44f0f9601651a64a95dc6_]
[www.staxcycleclub.com/post/best-supplements-for-winter-to-improve-your-energy-immunity-recovery.html]
[static.wixstatic.com/media/85bcec_aa5c46cfd3984bcb885a70295a3660f9_mv2.jpg/v1/fill/w_292,h_165,fp_0.50_0.50,q_90,enc_auto/85bcec_aa5c46cfd3984bcb885a70295a3660f9_]
[static.wixstatic.com/media/85bcec_aa5c46cfd3984bcb885a70295a3660f9_mv2.jpg/v1/fill/w_250,h_250,fp_0.50_0.50,q_30,blur_30,enc_auto/85bcec_aa5c46cfd3984bcb885a70295]
[www.staxcycleclub.com/post/3-adjustments-you-need-adopt-to-change-your-life.html]
[static.wixstatic.com/media/85bcec_ca47190b3cdf43bf9219a078c6690e4e_mv2.png/v1/fill/w_292,h_165,fp_0.50_0.50,q_95,enc_auto/85bcec_ca47190b3cdf43bf9219a078c6690e4e_]
[www.staxcycleclub.com/post/6-genius-tiktok-fitness-hacks-you-wish-you-d-known-about-sooner.html]
[static.wixstatic.com/media/f38575_25e57b20d061426c9c169d6f972d9958_mv2.png/v1/fill/w_292,h_165,fp_0.50_0.50,q_95,enc_auto/f38575_25e57b20d061426c9c169d6f972d9958_]
[static.wixstatic.com/media/f38575_5ba367562c7442bd989ca3834d5c863b_mv2.png/v1/fill/w_292,h_165,fp_0.50_0.50,q_95,enc_auto/f38575_5ba367562c7442bd989ca3834d5c863b_]
[www.staxcycleclub.com/post/our-favorite-resistance-bands-how-to-use-them.html]
[static.wixstatic.com/media/f38575_e1c72dc369864f17a7e99551578eaef9_mv2.jpg/v1/fill/w_250,h_250,fp_0.50_0.50,q_30,blur_30,enc_auto/f38575_e1c72dc369864f17a7e995515]
[static.wixstatic.com/media/f38575_e1c72dc369864f17a7e99551578eaef9_mv2.jpg/v1/fill/w_292,h_165,fp_0.50_0.50,q_90,enc_auto/f38575_e1c72dc369864f17a7e99551578eaef9_]
[www.staxcycleclub.com/post/our-top-10-superfoods-list-for-you-freebie.html]
[www.staxcycleclub.com/post/mental-toughness-is-a-marathon-not-a-sprint-how-to-build-mental-resilience.html]
[www.staxcycleclub.com/post/combining-fitness-and-pregnancy.html]
[static.wixstatic.com/media/f38575_1be4fddf969c47d0a040517e4db6b826_mv2.jpg/v1/fill/w_250,h_250,fp_0.50_0.50,q_30,blur_30,enc_auto/f38575_1be4fddf969c47d0a040517e4]
[static.wixstatic.com/media/f38575_1be4fddf969c47d0a040517e4db6b826_mv2.jpg/v1/fill/w_292,h_165,fp_0.50_0.50,q_90,enc_auto/f38575_1be4fddf969c47d0a040517e4db6b826_]
[static.wixstatic.com/media/f38575_1bfaa5f3456a42a4a52f7ad4b13523b7_mv2.jpg/v1/fill/w_292,h_165,fp_0.50_0.50,q_90,enc_auto/f38575_1bfaa5f3456a42a4a52f7ad4b13523b7_]
[static.wixstatic.com/media/f38575_1bfaa5f3456a42a4a52f7ad4b13523b7_mv2.jpg/v1/fill/w_250,h_250,fp_0.50_0.50,q_30,blur_30,enc_auto/f38575_1bfaa5f3456a42a4a52f7ad4b]
[www.staxcycleclub.com/post/5-best-spin-bikes-for-home.html]
[static.wixstatic.com/media/a27d70_8d8c958f005844dcb3c3c61a99b323a8_mv2.png/v1/fill/w_292,h_165,fp_0.50_0.50,q_95,enc_auto/a27d70_8d8c958f005844dcb3c3c61a99b323a8_]
[www.staxcycleclub.com/post/5-ways-to-keep-your-summer-fitness-goals-on-track.html]
[static.wixstatic.com/media/a27d70_5dc20eac1a244cb08bc56b666a5d8c51_mv2.png/v1/fill/w_292,h_165,fp_0.50_0.50,q_95,enc_auto/a27d70_5dc20eac1a244cb08bc56b666a5d8c51_]
[www.staxcycleclub.com/post/wellness-challenge-feature-3-the-real-life-approach-to-performance-nutrition-with-jana.html]
[static.wixstatic.com/media/a27d70_7d0f0c67c6ca4c409dbb4642faf6d93c_mv2.jpg/v1/fill/w_250,h_250,fp_0.50_0.50,q_30,blur_30,enc_auto/a27d70_7d0f0c67c6ca4c409dbb4642f]
[static.wixstatic.com/media/a27d70_7d0f0c67c6ca4c409dbb4642faf6d93c_mv2.jpg/v1/fill/w_292,h_165,fp_0.50_0.50,q_90,enc_auto/a27d70_7d0f0c67c6ca4c409dbb4642faf6d93c_]
[www.staxcycleclub.com/post/wellness-challenge-feature-2-financial-health-with-alyssa.html]
[static.wixstatic.com/media/a27d70_afb962a3d9c347038cfa73209d1b56b5_mv2.jpg/v1/fill/w_250,h_250,fp_0.50_0.50,q_30,blur_30,enc_auto/a27d70_afb962a3d9c347038cfa73209]
[static.wixstatic.com/media/a27d70_afb962a3d9c347038cfa73209d1b56b5_mv2.jpg/v1/fill/w_292,h_165,fp_0.50_0.50,q_90,enc_auto/a27d70_afb962a3d9c347038cfa73209d1b56b5_]
[www.staxcycleclub.com/post/wellness-challenge-feature-1-mindful-eating-with-lisa.html]
[static.wixstatic.com/media/a27d70_72f8d5993c054e08bcac4c0600adc5f0_mv2.png/v1/fill/w_292,h_165,fp_0.50_0.50,q_95,enc_auto/a27d70_72f8d5993c054e08bcac4c0600adc5f0_]
[www.staxcycleclub.com/post/this-is-our-story-and-we-need-your-support.html]
[static.wixstatic.com/media/85bcec_dccb6ed475e3473a87681a2f1660fd92_mv2.jpg/v1/fill/w_292,h_165,fp_0.50_0.50,q_90,enc_auto/85bcec_dccb6ed475e3473a87681a2f1660fd92_]
[static.wixstatic.com/media/85bcec_dccb6ed475e3473a87681a2f1660fd92_mv2.jpg/v1/fill/w_250,h_250,fp_0.50_0.50,q_30,blur_30,enc_auto/85bcec_dccb6ed475e3473a87681a2f1]
[www.staxcycleclub.com/post/be-the-change-with-stax-on-demand-change-season-2020.html]
[static.wixstatic.com/media/a27d70_6b34e0df3fa24544841219687cd1ef45_mv2.jpg/v1/fill/w_292,h_165,fp_0.50_0.50,q_90,enc_auto/a27d70_6b34e0df3fa24544841219687cd1ef45_]
[static.wixstatic.com/media/a27d70_6b34e0df3fa24544841219687cd1ef45_mv2.jpg/v1/fill/w_250,h_250,fp_0.50_0.50,q_30,blur_30,enc_auto/a27d70_6b34e0df3fa24544841219687]
[www.staxcycleclub.com/post/snatch-your-snack-game-hot-stax-style.html]
[www.staxcycleclub.com/post/first-timer-tips-tricks-for-staxstream-success.html]
[static.wixstatic.com/media/a27d70_6c0f9aa173e04185a00019030f541a2c_mv2.jpe/v1/fill/w_250,h_250,fp_0.50_0.50,q_30,blur_30,enc_auto/a27d70_6c0f9aa173e04185a00019030]
[static.wixstatic.com/media/a27d70_6c0f9aa173e04185a00019030f541a2c_mv2.jpe/v1/fill/w_292,h_165,fp_0.50_0.50,q_90,enc_auto/a27d70_6c0f9aa173e04185a00019030f541a2c_]
[static.wixstatic.com/media/a27d24_3fe5c3f30d1247eeb4b1cc152e601f74_mv2.jpg/v1/fill/w_292,h_165,fp_0.50_0.50,q_90,enc_auto/a27d24_3fe5c3f30d1247eeb4b1cc152e601f74_]
[static.wixstatic.com/media/a27d24_3fe5c3f30d1247eeb4b1cc152e601f74_mv2.jpg/v1/fill/w_250,h_250,fp_0.50_0.50,q_30,blur_30,enc_auto/a27d24_3fe5c3f30d1247eeb4b1cc152]
[www.staxcycleclub.com/post/stax-x-ferda-girls-empowering-you-and-the-badass-women-of-our-kick-ass-community.html]
[static.wixstatic.com/media/a27d70_311ae043adde4f6aa3e0cea7216df3b1_mv2.jpg/v1/fill/w_250,h_250,fp_0.50_0.50,q_30,blur_30,enc_auto/a27d70_311ae043adde4f6aa3e0cea72]
[static.wixstatic.com/media/a27d70_311ae043adde4f6aa3e0cea7216df3b1_mv2.jpg/v1/fill/w_292,h_165,fp_0.50_0.50,q_90,enc_auto/a27d70_311ae043adde4f6aa3e0cea7216df3b1_]
[www.staxcycleclub.com/post/stay-at-home-and-stir-the-sauce-cause-it-s-savage-season-time.html]
[static.wixstatic.com/media/a27d70_da68516801e541c397435e57d7edce27_mv2.jpg/v1/fill/w_292,h_165,fp_0.50_0.50,q_90,enc_auto/a27d70_da68516801e541c397435e57d7edce27_]
[static.wixstatic.com/media/a27d70_da68516801e541c397435e57d7edce27_mv2.jpg/v1/fill/w_250,h_250,fp_0.50_0.50,q_30,blur_30,enc_auto/a27d70_da68516801e541c397435e57d]
[www.staxcycleclub.com/post/how-to-set-up-your-bike.html]
[static.wixstatic.com/media/a27d70_f2bd7958340d460597db8be4821f6253_mv2.jpg/v1/fill/w_250,h_250,fp_0.50_0.50,q_30,blur_30,enc_auto/a27d70_f2bd7958340d460597db8be48]
[static.wixstatic.com/media/a27d70_f2bd7958340d460597db8be4821f6253_mv2.jpg/v1/fill/w_292,h_165,fp_0.50_0.50,q_90,enc_auto/a27d70_f2bd7958340d460597db8be4821f6253_]
[www.staxcycleclub.com/post/crush-goals-and-cruise-that-hella-high-stax-hype-in-our-upcoming-charity-ride.html]
[static.wixstatic.com/media/a27d70_7c3bb5da327b4ee8abba8a4d2fd3e327_mv2.png/v1/fill/w_292,h_165,fp_0.50_0.50,q_95,enc_auto/a27d70_7c3bb5da327b4ee8abba8a4d2fd3e327_]
[www.staxcycleclub.com/post/spinning-into-stillness-take-a-mental-health-break-on-us.html]
[www.staxcycleclub.com/post/big-badass-breaking-news-fam.html]
[static.wixstatic.com/media/a27d70_feff267bc07b45409a0858e12e0eea18_mv2.jpg/v1/fill/w_250,h_250,fp_0.50_0.50,q_30,blur_30,enc_auto/a27d70_feff267bc07b45409a0858e12]
[static.wixstatic.com/media/a27d70_feff267bc07b45409a0858e12e0eea18_mv2.jpg/v1/fill/w_292,h_165,fp_0.50_0.50,q_90,enc_auto/a27d70_feff267bc07b45409a0858e12e0eea18_]
[www.staxcycleclub.com/blog.html]
[static.parastorage.com/services/wix-thunderbolt/dist/bootstrap-features.9ca6e510.bundle.min.js]
[static.parastorage.com/services/wix-thunderbolt/dist/main.cb675ae8.bundle.min.js]
[www.staxcycleclub.com/cart-page.html]
[www.staxcycleclub.com/post/burnout-the-bikes-not-your-being.html]
[www.staxcycleclub.com/version/index.html]
[www.staxcycleclub.com/post/decodeURIComponent(e.html]
[www.staxcycleclub.com/post/sitemap.a0.delayed]
[www.staxcycleclub.com/post/robots.html]
[www.staxcycleclub.com/post/feed.a1.delayed]
[www.staxcycleclub.com/blog-feed.xml]
[www.staxcycleclub.com/post/eec152dc.min.html]
[www.staxcycleclub.com/post/b604fd33.min.html]
[www.staxcycleclub.com/post/7c602eb2.min.html]
[www.staxcycleclub.com/post/caeea34d.min.html]
[www.staxcycleclub.com/post/34b72cf9.min.html]
[www.staxcycleclub.com/post/99a6a99f.min.html]
[www.staxcycleclub.com/post/7a36fe10.chunk.min.html]
[www.staxcycleclub.com/post/e3671379.chunk.min.html]
[www.staxcycleclub.com/post/rb_wixui.thunderbolt_bootstrap-classic.db545a77.chunk.min.html]
[www.staxcycleclub.com/post/rb_wixui.thunderbolt_bootstrap.8a86afda.chunk.min.html]
[www.staxcycleclub.com/post/rb_wixui.thunderbolt_bootstrap.7a36fe10.chunk.min.html]
[www.staxcycleclub.com/post/rb_wixui.thunderbolt_bootstrap-responsive.f3ca696f.chunk.min.html]
[www.staxcycleclub.com/post/rb_wixui.thunderbolt_bootstrap-responsive.e3671379.chunk.min.html]
[www.staxcycleclub.com/post/rb_wixui.thunderbolt_common-site-members-dialogs.384b0b57.chunk.min.html]
[www.staxcycleclub.com/post/rb_wixui.thunderbolt_common-site-members-dialogs.2059cbfd.chunk.min.html]
[www.staxcycleclub.com/feed-2.html]
[www.staxcycleclub.com/feed/categories/fitness-equipment.html]
[www.staxcycleclub.com/feed/categories/fitness.html]
[www.staxcycleclub.com/feed/categories/healthy-lifestyle.html]
[www.staxcycleclub.com/feed/categories/pregnancy-fitness.html]
[www.staxcycleclub.com/feed/categories/nutrition.html]
[www.staxcycleclub.com/feed/categories/healthy-eating.html]
[www.staxcycleclub.com/feed/categories/strength-training.html]
[www.staxcycleclub.com/feed/categories/fitness-hacks.html]
[www.staxcycleclub.com/feed/categories/mindset.html]
[www.staxcycleclub.com/feed/categories/healthy-habits.html]
[www.staxcycleclub.com/feed/categories/mental-health.html]
[www.staxcycleclub.com/feed/categories/mental-toughness.html]
[www.staxcycleclub.com/feed/categories/organization-tips.html]
[www.staxcycleclub.com/feed/categories/cardiovascular-training.html]
[www.staxcycleclub.com/feed/categories/cardio.html]
[www.staxcycleclub.com/feed/categories/spin-shoes.html]
[www.staxcycleclub.com/feed/categories/celebrate-women-s-history-month.html]
[www.staxcycleclub.com/feed/categories/honored-women.html]
[static.wixstatic.com/media/a27d70_141720f0987d4a7da7a2e016c452bcce_mv2.png]
[www.staxcycleclub.com/feed/categories/famous-women-in-history.html]
[static.wixstatic.com/media/f38575_edc75fee3b3547d2bd0c65104015d3dc_mv2.png/v1/fill/w_49,h_37,al_c,q_85,usm_0.66_1.00_0.01,blur_2,e/f38575_edc75fee3b3547d2bd0c6510]
[static.wixstatic.com/media/f38575_a7649d46254d4f6088a53b282b56f45e_mv2.png/v1/fill/w_49,h_37,al_c,q_85,usm_0.66_1.00_0.01,blur_2,e/f38575_a7649d46254d4f6088a53b28]
[static.wixstatic.com/media/f38575_75d729ef2b5243c4a09d0a56b523e2db_mv2.png/v1/fill/w_49,h_33,al_c,q_85,usm_0.66_1.00_0.01,blur_2,e/f38575_75d729ef2b5243c4a09d0a56]
[static.wixstatic.com/media/f38575_b2fe7d260f7049c589a49bcb995d8f9d_mv2.png/v1/fill/w_49,h_37,al_c,q_85,usm_0.66_1.00_0.01,blur_2,e/f38575_b2fe7d260f7049c589a49bcb]
[static.wixstatic.com/media/f38575_b36b5bc8d35641e49e783d746882d26a_mv2.png/v1/fill/w_49,h_37,al_c,q_85,usm_0.66_1.00_0.01,blur_2,e/f38575_b36b5bc8d35641e49e783d74]
[static.wixstatic.com/media/f38575_818eeeda03d7459f8723ac427ddad695_mv2.png/v1/fill/w_49,h_33,al_c,q_85,usm_0.66_1.00_0.01,blur_2,e/f38575_818eeeda03d7459f8723ac42]
[static.wixstatic.com/media/85bcec_cd5b7e4ff04a420f9af1cc3a04937f3b_mv2.jpg/v1/fill/w_147,h_98,al_c,q_80,usm_0.66_1.00_0.01,blur_2,/85bcec_cd5b7e4ff04a420f9af1cc3a]
[www.staxcycleclub.com/feed/tags/healthy-lifestyle.html]
[static.wixstatic.com/media/85bcec_f39258bbebd4445a984907167ce45f48_mv2.jpg/v1/fill/w_147,h_78,al_c,q_80,usm_0.66_1.00_0.01,blur_2,/85bcec_f39258bbebd4445a98490716]
[www.staxcycleclub.com/feed/tags/fitness.html]
[www.staxcycleclub.com/feed/tags/fitness-goals.html]
[www.staxcycleclub.com/feed/tags/health.html]
[www.staxcycleclub.com/feed/tags/healthy-tips.html]
[www.staxcycleclub.com/post/how-stax-yoga-can-improve-your-posture-and-why-you-should-care.html]
[www.staxcycleclub.com/feed/tags/healthy-habits.html]
[static.parastorage.com/services/communities-blog-ooi/1.539.0/client/HtmlComponent.chunk.min.js]
[static.wixstatic.com/media/f38575_02eabae8a949469f83f5ff54032d4daf_mv2.png/v1/fill/w_49,h_37,al_c,q_85,usm_0.66_1.00_0.01,blur_2,e/f38575_02eabae8a949469f83f5ff54]
[static.wixstatic.com/media/f38575_aa7cd70c78554959b94276fee164d1e3_mv2.png/v1/fill/w_49,h_33,al_c,q_85,usm_0.66_1.00_0.01,blur_2,e/f38575_aa7cd70c78554959b94276fe]
[static.wixstatic.com/media/f38575_c82aa157b1fa40afb6f3462375f5c885_mv2.png/v1/fill/w_49,h_33,al_c,q_85,usm_0.66_1.00_0.01,blur_2,e/f38575_c82aa157b1fa40afb6f34623]
[www.staxcycleclub.com/post/version/index.html]
[www.staxcycleclub.com/feed/tags/pelvic-floor.html]
[www.staxcycleclub.com/post/your-pelvic-floor.html]
[www.staxcycleclub.com/feed/tags/pregnancy-fitness.html]
[static.wixstatic.com/media/a27d70_e80abd7f0ee249f89e1d05debac23b38_mv2.jpg/v1/fill/w_147,h_98,al_c,q_80,usm_0.66_1.00_0.01,blur_2,/a27d70_e80abd7f0ee249f89e1d05de]
[static.wixstatic.com/media/a27d70_eca87f8e84964799976d1d50fd19e100_mv2.jpg/v1/fill/w_147,h_98,al_c,q_80,usm_0.66_1.00_0.01,blur_2,/a27d70_eca87f8e84964799976d1d50]
[static.wixstatic.com/media/a27d70_644d3a0508e54f899e07df65c0899c6e_mv2.jpg/v1/fill/w_147,h_221,al_c,q_80,usm_0.66_1.00_0.01,blur_2/a27d70_644d3a0508e54f899e07df65]
[static.wixstatic.com/media/a27d70_819da23139fe4d3bb024d7f409e6721b_mv2.jpg/v1/fill/w_147,h_98,al_c,q_80,usm_0.66_1.00_0.01,blur_2,/a27d70_819da23139fe4d3bb024d7f4]
[static.wixstatic.com/media/f38575_c8bd871504a849fd88a09afddd394e00_mv2.jpg/v1/fill/w_147,h_147,al_c,q_80,usm_0.66_1.00_0.01,blur_2/f38575_c8bd871504a849fd88a09afd]
[www.staxcycleclub.com/studio.html]
[www.staxcycleclub.com/feed/tags/strength-training.html]
[www.staxcycleclub.com/post/why-strength-training-is-important.html]
[www.staxcycleclub.com/feed/tags/health-tips.html]
[static.wixstatic.com/media/f38575_d72fcb95d2344b3ea855e82a3a84157e_mv2.jpg/v1/fill/w_132,h_88,al_c,q_80,usm_0.66_1.00_0.01,blur_2,/f38575_d72fcb95d2344b3ea855e82a]
[static.wixstatic.com/media/f38575_423a629894d941f1ab43c8debe91f202_mv2.png/v1/fill/w_80,h_53,al_c,q_85,usm_0.66_1.00_0.01,blur_2,e/f38575_423a629894d941f1ab43c8de]
[static.wixstatic.com/media/f38575_28d73155903946459c9fa87c3335d2ef_mv2.png/v1/fill/w_80,h_53,al_c,q_85,usm_0.66_1.00_0.01,blur_2,e/f38575_28d73155903946459c9fa87c]
[static.wixstatic.com/media/a27d70_cd6c0ee2bdac4bd18c02161cb059a8f8_mv2.jpg/v1/fill/w_147,h_98,al_c,q_80,usm_0.66_1.00_0.01,blur_2,/a27d70_cd6c0ee2bdac4bd18c02161c]
[www.staxcycleclub.com/post/get-up-off-your-glutes-girl.html]
[static.wixstatic.com/media/f38575_089d486d2ca34158b813560be2683ea5_mv2.jpg/v1/fill/w_153,h_112,al_c,q_80,usm_0.66_1.00_0.01,blur_2/f38575_089d486d2ca34158b813560b]
[static.wixstatic.com/media/a27d70_7fcb878c45154c269e00e46323cbb0f4_mv2.jpg/v1/fill/w_147,h_83,al_c,q_80,usm_0.66_1.00_0.01,blur_2,/a27d70_7fcb878c45154c269e00e463]
[static.wixstatic.com/media/f38575_546156225e194d0d97bc31dfc2fd0514_mv2.png/v1/fill/w_49,h_37,al_c,q_85,usm_0.66_1.00_0.01,blur_2,e/f38575_546156225e194d0d97bc31df]
[www.staxcycleclub.com/feed/tags/healthy.html]
[static.wixstatic.com/media/f38575_f10f20d6391d4edbb1e52d2ce3312922_mv2.png/v1/fill/w_49,h_35,al_c,q_85,usm_0.66_1.00_0.01,blur_2,e/f38575_f10f20d6391d4edbb1e52d2c]
[static.wixstatic.com/media/f38575_ae15657394494c59bc098af8577e57e4_mv2.jpg/v1/fill/w_153,h_112,al_c,q_80,usm_0.66_1.00_0.01,blur_2/f38575_ae15657394494c59bc098af8]
[static.wixstatic.com/media/a27d70_efed6a0a15d04a6f8336f6e9ad997943_mv2.jpg/v1/fill/w_124,h_95,al_c,q_80,usm_0.66_1.00_0.01,blur_2,/a27d70_efed6a0a15d04a6f8336f6e9]
[static.wixstatic.com/media/f38575_d9073519454d4f2181ec7d35074e67b5_mv2.png/v1/fill/w_49,h_32,al_c,q_85,usm_0.66_1.00_0.01,blur_2,e/f38575_d9073519454d4f2181ec7d35]
[static.wixstatic.com/media/f38575_45399749a34544979f48fdc5d965579c_mv2.jpg/v1/fill/w_147,h_110,al_c,q_80,usm_0.66_1.00_0.01,blur_2/f38575_45399749a34544979f48fdc5]
[www.staxcycleclub.com/feed/tags/spin-bikes.html]
[www.staxcycleclub.com/feed/tags/fitness-equipment.html]
[www.staxcycleclub.com/feed/tags/indoor-spin-bike.html]
[www.staxcycleclub.com/post/the-don-t-and-dos-of-new-spin-shoes.html]
[www.staxcycleclub.com/feed/tags/spin-shoes.html]
[static.wixstatic.com/media/a27d70_0c256e2efb03441389c4371f4655bf0c_mv2.png/v1/fill/w_49,h_37,al_c,q_85,usm_0.66_1.00_0.01,blur_2,e/a27d70_0c256e2efb03441389c4371f]
[static.wixstatic.com/media/f38575_f5ca6813e07544efbade326a1e3cff24_mv2.jpg/v1/fill/w_147,h_98,al_c,q_80,usm_0.66_1.00_0.01,blur_2,/f38575_f5ca6813e07544efbade326a]
[static.wixstatic.com/media/f38575_2a31e805cd084d6c8f4e2b14913ab6e3_mv2.jpg/v1/fill/w_147,h_98,al_c,q_80,usm_0.66_1.00_0.01,blur_2,/f38575_2a31e805cd084d6c8f4e2b14]
[static.wixstatic.com/media/f38575_17ef1b66ab10440d9f723084621ba49a_mv2.jpg/v1/fill/w_147,h_110,al_c,q_80,usm_0.66_1.00_0.01,blur_2/f38575_17ef1b66ab10440d9f723084]
[static.wixstatic.com/media/f38575_d0a95281251a4796bbe4e4ab936a38ef_mv2.jpg/v1/fill/w_147,h_98,al_c,q_80,usm_0.66_1.00_0.01,blur_2,/f38575_d0a95281251a4796bbe4e4ab]
[static.wixstatic.com/media/f38575_b6f64bb7d8aa4736b6fc2d1e6699cd09_mv2.jpg/v1/fill/w_147,h_98,al_c,q_80,usm_0.66_1.00_0.01,blur_2,/f38575_b6f64bb7d8aa4736b6fc2d1e]
[static.wixstatic.com/media/f38575_9ad743b1f8a743b698775fd240561313_mv2.png/v1/fill/w_49,h_33,al_c,q_85,usm_0.66_1.00_0.01,blur_2,e/f38575_9ad743b1f8a743b698775fd2]
[static.wixstatic.com/media/f38575_88037baf2d354907b0faeea64a2701bb_mv2.jpg/v1/fill/w_147,h_98,al_c,q_80,usm_0.66_1.00_0.01,blur_2,/f38575_88037baf2d354907b0faeea6]
[www.staxcycleclub.com/feed/tags/mindset.html]
[www.staxcycleclub.com/post/self-care-tips-to-beat-the-winter-blues.html]
[static.parastorage.com/services/pricing-plans-tpa/1.2216.0/client/List.chunk.min.css]
[www.staxcycleclub.com/02b07b80.min.html]
[www.staxcycleclub.com/feed/tags/self-care.html]
[images-vod.wixmp.com/a27d7067-318b-42b5-9215-3f0df5127f4f/images/c631d04807964196988a9f1dbf8af15cf001/v1/fill/w_275,h_155,q_85,usm_0.66_1.00_0.01/file.jpg]
[static.wixstatic.com/media/a27d70_1914514c66a54ef5acf6da8ce0f4d497_mv2.png/v1/fill/w_355,h_118,al_c,q_85,usm_0.66_1.00_0.01,enc_au/Screen Shot 2020-05-28 at 8_02_]
[images-vod.wixmp.com/a27d7067-318b-42b5-9215-3f0df5127f4f/images/8ca8e5b3ee894e92acb20c931752982bf002/v1/fill/w_275,h_155,q_85,usm_0.66_1.00_0.01/file.jpg]
[images-vod.wixmp.com/a27d7067-318b-42b5-9215-3f0df5127f4f/images/17ce05b2751544598bbf4e98234971a1f001/v1/fill/w_275,h_155,q_85,usm_0.66_1.00_0.01/file.jpg]
[images-vod.wixmp.com/a27d7067-318b-42b5-9215-3f0df5127f4f/images/288fc60b8cc048f187afc367d1a2d1a3f000/v1/fill/w_275,h_155,q_85,usm_0.66_1.00_0.01/file.jpg]
[images-vod.wixmp.com/a27d7067-318b-42b5-9215-3f0df5127f4f/images/656c63d088ee44849e1e618ca34c309ef001/v1/fill/w_275,h_155,q_85,usm_0.66_1.00_0.01/file.jpg]
[images-vod.wixmp.com/a27d7067-318b-42b5-9215-3f0df5127f4f/images/352963abe1994a86aabc09f2f4c7e81ef000/v1/fill/w_275,h_155,q_85,usm_0.66_1.00_0.01/file.jpg]
[www.staxcycleclub.com/bonus.html]
[www.staxcycleclub.com/virtual-studio.html]
[static.wixstatic.com/media/12c18de97a854bbe961f4b3d52f13b46.jpg/v1/fill/w_113,h_68,al_c,q_80,usm_0.66_1.00_0.01,blur_2,/12c18de97a854bbe961f4b3d52f13b46.106.delay]
[static.wixstatic.com/media/a27d70_d5bf8dc602114731bc8a747246ff636a_mv2.jpg/v1/fill/w_123,h_82,al_c,q_80,usm_0.66_1.00_0.01,blur_2,/a27d70_d5bf8dc602114731bc8a7472]
[static.wixstatic.com/media/a27d70_bb7b5bbf030b48caa2e5eb8c1aacaed4_mv2.jpg/v1/fill/w_76,h_114,al_c,q_80,usm_0.66_1.00_0.01,blur_2,/a27d70_bb7b5bbf030b48caa2e5eb8c]
[static.wixstatic.com/media/a27d70_1914514c66a54ef5acf6da8ce0f4d497_mv2.png/v1/fill/w_72,h_24,al_c,q_85,usm_0.66_1.00_0.01,blur_2,e/Screen Shot 2020-05-28 at 8_02_]
[static.wixstatic.com/media/a27d70_75b6e05e9bd34de2aece7fd5e4cd3d6e_mv2.jpg/v1/fill/w_123,h_88,al_c,q_80,usm_0.66_1.00_0.01,blur_2,/a27d70_75b6e05e9bd34de2aece7fd5]
[www.staxcycleclub.com/2021wrapped.html]
[static.wixstatic.com/media/f38575_a4519da965f94472bded488d69d03c83_mv2.jpg/v1/fill/w_147,h_98,al_c,q_80,usm_0.66_1.00_0.01,blur_2,/f38575_a4519da965f94472bded488d]
[www.staxcycleclub.com/stackablesd5e6.html]
[www.staxcycleclub.com/stackables4318.html]
[static.wixstatic.com/media/f38575_c62cab4e5e23425a9fb06d85cfad4c7d_mv2.jpg/v1/fill/w_147,h_98,al_c,q_80,usm_0.66_1.00_0.01,blur_2,/f38575_c62cab4e5e23425a9fb06d85]
[www.staxcycleclub.com/stackablesadb0.html]
[static.wixstatic.com/media/f38575_1b0aac3ad7154d9cad07a84c37a5c76a_mv2.jpg/v1/fill/w_147,h_98,al_c,q_80,usm_0.66_1.00_0.01,blur_2,/f38575_1b0aac3ad7154d9cad07a84c]
[www.staxcycleclub.com/stackables34ff.html]
[www.staxcycleclub.com/virtual-studio-home9a2f.html]
[static.wixstatic.com/media/f38575_84519b546cb74da1afe42be3cff4b68a_mv2.jpg/v1/fill/w_147,h_98,al_c,q_80,usm_0.66_1.00_0.01,blur_2,/f38575_84519b546cb74da1afe42be3]
[www.staxcycleclub.com/virtual-studio-homec1bf.html]
[www.staxcycleclub.com/virtual-studio-home94dc.html]
[www.staxcycleclub.com/change-season.html]
[www.staxcycleclub.com/post/stax-your-way-back-on-track.html]
[static.parastorage.com/services/communities-blog-ooi/1.539.0/client/gallery-viewer.chunk.min.css]
[static.parastorage.com/services/communities-blog-ooi/1.539.0/client/3812.chunk.min.js]
[www.staxcycleclub.com/feed/hashtags/MISBEHAVE.html]
[static.parastorage.com/services/communities-blog-ooi/1.539.0/client/4653.chunk.min.js]
[static.parastorage.com/services/communities-blog-ooi/1.539.0/client/gallery-viewer.chunk.min.js]
[static.wixstatic.com/media/f38575_5696d97ee5384608835b01cad77b0f4e_mv2.jpg/v1/fill/w_147,h_184,al_c,q_80,usm_0.66_1.00_0.01,blur_2/f38575_5696d97ee5384608835b01ca]
[static.wixstatic.com/media/f38575_d620b5cf0b1441ebbd0f07f246b726df_mv2.jpg/v1/fill/w_147,h_98,al_c,q_80,usm_0.66_1.00_0.01,blur_2,/f38575_d620b5cf0b1441ebbd0f07f2]
[www.staxcycleclub.com/equipment.html]
[static.wixstatic.com/media/f38575_9dfafde2336145c198e3136856fdefab_mv2.png/v1/fill/w_74,h_42,al_c,q_85,usm_0.66_1.00_0.01,blur_2,e/f38575_9dfafde2336145c198e31368]
[www.staxcycleclub.com/gift-card.html]
[www.staxcycleclub.com/feed/tags/holiday-gift-guide.html]
[www.staxcycleclub.com/feed/tags/holiday-guide-to-gifts.html]
[www.staxcycleclub.com/post/holiday-guide-to-gifts-for-spin-class-lovers.html]
[www.staxcycleclub.com/feed/tags/gifts-for-spin-class-lovers.html]
[static.wixstatic.com/media/f38575_a8bc6f1325f444e8a3925324490ed0fc_mv2.jpg/v1/fill/w_147,h_98,al_c,q_80,usm_0.66_1.00_0.01,blur_2,/f38575_a8bc6f1325f444e8a3925324]
[static.wixstatic.com/media/f38575_d6753fa6cdf848378810f7a0f8eeac95_mv2.jpg/v1/fill/w_147,h_98,al_c,q_80,usm_0.66_1.00_0.01,blur_2,/f38575_d6753fa6cdf848378810f7a0]
[static.wixstatic.com/media/85bcec_c72ed5ec867e421c8deb590be7078ba0_mv2.jpg/v1/fill/w_147,h_141,al_c,q_80,usm_0.66_1.00_0.01,blur_2/85bcec_c72ed5ec867e421c8deb590b]
[static.wixstatic.com/media/f38575_603722ef58854617ab4088f9881025ea_mv2.jpg/v1/fill/w_147,h_98,al_c,q_80,usm_0.66_1.00_0.01,blur_2,/f38575_603722ef58854617ab4088f9]
[static.wixstatic.com/media/f38575_b2acc01c30044821b2bed4dfd17f0e5b_mv2.jpg/v1/fill/w_147,h_98,al_c,q_80,usm_0.66_1.00_0.01,blur_2,/f38575_b2acc01c30044821b2bed4df]
[www.staxcycleclub.com/feed/tags/holiday-food.html]
[www.staxcycleclub.com/post/treat-yo-elf-healthy-holiday-treats.html]
[static.parastorage.com/services/communities-blog-ooi/1.539.0/client/9998.chunk.min.js]
[www.staxcycleclub.com/feed/tags/healthy-holiday-food.html]
[static.parastorage.com/services/communities-blog-ooi/1.539.0/client/video-viewer.chunk.min.js]
[static.wixstatic.com/media/f38575_c49d13cbb4ff423f92c3d68c1e3d77db_mv2.jpe/v1/fill/w_144,h_96,al_c,q_80,usm_0.66_1.00_0.01,blur_2,/f38575_c49d13cbb4ff423f92c3d68c]
[static.wixstatic.com/media/f38575_103a884fbb1443069a45e683dcc343ad_mv2.jpe/v1/fill/w_144,h_96,al_c,q_80,usm_0.66_1.00_0.01,blur_2,/f38575_103a884fbb1443069a45e683]
[static.wixstatic.com/media/f38575_6ecbc000f6ef4349b4be9a47b4491f91_mv2.jpe/v1/fill/w_144,h_96,al_c,q_80,usm_0.66_1.00_0.01,blur_2,/f38575_6ecbc000f6ef4349b4be9a47]
[static.wixstatic.com/media/f38575_c144734e8bd64257b351c81a47d65cd5_mv2.jpe/v1/fill/w_144,h_96,al_c,q_80,usm_0.66_1.00_0.01,blur_2,/f38575_c144734e8bd64257b351c81a]
[www.staxcycleclub.com/feed/tags/organization.html]
[www.staxcycleclub.com/feed/tags/organizational-tips.html]
[www.staxcycleclub.com/post/getting-staying-organized-for-the-new-year.html]
[www.staxcycleclub.com/feed/tags/getting-organized.html]
[static.wixstatic.com/media/f38575_8ee0cdf58fcf4c78af43cc94d2d2a201_mv2.png/v1/fill/w_49,h_33,al_c,q_85,usm_0.66_1.00_0.01,blur_2,e/f38575_8ee0cdf58fcf4c78af43cc94]
[static.wixstatic.com/media/f38575_b1a7fe15e0a04096888c4fa8f1182347_mv2.png/v1/fill/w_49,h_33,al_c,q_85,usm_0.66_1.00_0.01,blur_2,e/f38575_b1a7fe15e0a04096888c4fa8]
[static.wixstatic.com/media/f38575_a6ec2dd917044b58842596f9efca81ab_mv2.png/v1/fill/w_49,h_33,al_c,q_85,usm_0.66_1.00_0.01,blur_2,e/f38575_a6ec2dd917044b58842596f9]
[static.wixstatic.com/media/f38575_9b8c38f38a084e5da255391715d62d11_mv2.png/v1/fill/w_49,h_33,al_c,q_85,usm_0.66_1.00_0.01,blur_2,e/f38575_9b8c38f38a084e5da2553917]
[static.wixstatic.com/media/f38575_6e8b4c19ba064558a334cb0a881295e1_mv2.png/v1/fill/w_49,h_33,al_c,q_85,usm_0.66_1.00_0.01,blur_2,e/f38575_6e8b4c19ba064558a334cb0a]
[static.wixstatic.com/media/f38575_70eee0563db64bc0b97941aea7c92d15_mv2.png/v1/fill/w_49,h_33,al_c,q_85,usm_0.66_1.00_0.01,blur_2,e/f38575_70eee0563db64bc0b97941ae]
[static.wixstatic.com/media/f38575_7ef5f3b2da974361a17a3985a592716c_mv2.png/v1/fill/w_49,h_33,al_c,q_85,usm_0.66_1.00_0.01,blur_2,e/f38575_7ef5f3b2da974361a17a3985]
[static.wixstatic.com/media/f38575_f012370ca5e94ce2bd0431013a6a7867_mv2.png/v1/fill/w_49,h_33,al_c,q_85,usm_0.66_1.00_0.01,blur_2,e/f38575_f012370ca5e94ce2bd043101]
[www.staxcycleclub.com/feed/tags/supplements.html]
[www.staxcycleclub.com/post/best-supplements-for-winter-to-improve-your-energy-immunity-recovery.html]
[www.staxcycleclub.com/feed/tags/dietary-supplements.html]
[static.wixstatic.com/media/a27d70_302911af7ed44f0f9601651a64a95dc6_mv2.jpg/v1/fill/w_147,h_98,al_c,q_80,usm_0.66_1.00_0.01,blur_2,/a27d70_302911af7ed44f0f9601651a]
[static.wixstatic.com/media/f38575_320dcbd9859e42b5b466db5bb5966075_mv2.png/v1/fill/w_49,h_33,al_c,q_85,usm_0.66_1.00_0.01,blur_2,e/f38575_320dcbd9859e42b5b466db5b]
[www.staxcycleclub.com/post/3-adjustments-you-need-adopt-to-change-your-life.html]
[www.staxcycleclub.com/feed/tags/mindset-adjustment.html]
[static.wixstatic.com/media/f38575_6be2f92c482b4eaa9864cd3124f21ff9_mv2.png/v1/fill/w_49,h_33,al_c,q_85,usm_0.66_1.00_0.01,blur_2,e/f38575_6be2f92c482b4eaa9864cd31]
[www.staxcycleclub.com/feed/tags/fitness-hacks.html]
[www.staxcycleclub.com/feed/tags/lifestyle-hacks.html]
[www.staxcycleclub.com/feed/tags/lifestyle-tips.html]
[www.staxcycleclub.com/feed/tags/tiktok.html]
[www.staxcycleclub.com/post/6-genius-tiktok-fitness-hacks-you-wish-you-d-known-about-sooner.html]
[www.staxcycleclub.com/feed/tags/tiktok-hacks.html]
[static.wixstatic.com/media/f38575_39720731d1854885be0a8c6c9b319a05_mv2.jpg/v1/fill/w_144,h_180,al_c,q_80,usm_0.66_1.00_0.01,blur_2/f38575_39720731d1854885be0a8c6c]
[static.wixstatic.com/media/f38575_e1c49deabb764fcb875c8c56c65a175f_mv2.jpg/v1/fill/w_147,h_98,al_c,q_80,usm_0.66_1.00_0.01,blur_2,/f38575_e1c49deabb764fcb875c8c56]
[static.wixstatic.com/media/f38575_89f560bf43744946ab002ebc9c1d8ec6_mv2.jpg/v1/fill/w_147,h_99,al_c,q_80,usm_0.66_1.00_0.01,blur_2,/f38575_89f560bf43744946ab002ebc]
[static.wixstatic.com/media/f38575_7f6f2e872beb408f8e396a07f0fae99c_mv2.png/v1/fill/w_49,h_33,al_c,q_85,usm_0.66_1.00_0.01,blur_2,e/f38575_7f6f2e872beb408f8e396a07]
[www.staxcycleclub.com/feed/tags/mental-health.html]
[www.staxcycleclub.com/post/mental-toughness-is-a-marathon-not-a-sprint-how-to-build-mental-resilience.html]
[www.staxcycleclub.com/feed/tags/mental-toughness.html]
[static.wixstatic.com/media/f38575_ed07c93f4fea4f849ec57d54d3fb76e1_mv2.png/v1/fill/w_49,h_33,al_c,q_85,usm_0.66_1.00_0.01,blur_2,e/f38575_ed07c93f4fea4f849ec57d54]
[static.wixstatic.com/media/f38575_732e32cc898b4cd5abb5659a20fdcc16_mv2.jpg/v1/fill/w_147,h_98,al_c,q_80,usm_0.66_1.00_0.01,blur_2,/f38575_732e32cc898b4cd5abb5659a]
[www.staxcycleclub.com/feed/tags/mental-resilience.html]
[static.wixstatic.com/media/f38575_ef2bbd7f509f41beb8f9c9e3cbce022d_mv2.png/v1/fill/w_49,h_33,al_c,q_85,usm_0.66_1.00_0.01,blur_2,e/f38575_ef2bbd7f509f41beb8f9c9e3]
[www.staxcycleclub.com/feed/hashtags/LETSMISBEHAVE.html]
[www.staxcycleclub.com/post/our-favorite-resistance-bands-how-to-use-them.html]
[www.staxcycleclub.com/feed/tags/resistance-bands.html]
[static.wixstatic.com/media/f38575_efff213c5bec407881f04b9c383dddf1_mv2.png/v1/fill/w_49,h_33,al_c,q_85,usm_0.66_1.00_0.01,blur_2,e/f38575_efff213c5bec407881f04b9c]
[static.wixstatic.com/media/f38575_506869283f6f413ca8fdce2e51778f5f_mv2.png/v1/fill/w_49,h_33,al_c,q_85,usm_0.66_1.00_0.01,blur_2,e/f38575_506869283f6f413ca8fdce2e]
[static.wixstatic.com/media/f38575_29e1b224db1f4f569c469a862fc28d03_mv2.png/v1/fill/w_49,h_33,al_c,q_85,usm_0.66_1.00_0.01,blur_2,e/f38575_29e1b224db1f4f569c469a86]
[static.wixstatic.com/media/f38575_8d2bf7577d5a451d8b19afbc866540b0_mv2.png/v1/fill/w_49,h_33,al_c,q_85,usm_0.66_1.00_0.01,blur_2,e/f38575_8d2bf7577d5a451d8b19afbc]
[www.staxcycleclub.com/feed/tags/nutrition.html]
[www.staxcycleclub.com/feed/tags/superfoods.html]
[www.staxcycleclub.com/feed/tags/healthy-eating.html]
[www.staxcycleclub.com/post/our-top-10-superfoods-list-for-you-freebie.html]
[www.staxcycleclub.com/feed/tags/top-10-superfoods.html]
[static.wixstatic.com/media/f38575_b1348d2fa6724781ae187fc1cdc55a21_mv2.jpg/v1/fill/w_147,h_101,al_c,q_80,usm_0.66_1.00_0.01,blur_2/f38575_b1348d2fa6724781ae187fc1]
[www.staxcycleclub.com/post/combining-fitness-and-pregnancy.html]
[static.wixstatic.com/media/a27d70_22d6beb86145432ba030940fca105174_mv2.jpg/v1/fill/w_147,h_98,al_c,q_80,usm_0.66_1.00_0.01,blur_2,/a27d70_22d6beb86145432ba030940f]
[www.staxcycleclub.com/feed/tags/staying-fit-while-pregnant.html]
[static.wixstatic.com/media/f38575_26415f24207d440e9684bce23bffeb67_mv2.jpg/v1/fill/w_101,h_87,al_c,q_80,usm_0.66_1.00_0.01,blur_2,/f38575_26415f24207d440e9684bce2]
[static.wixstatic.com/media/f38575_42f28026058a46d2b1bd625c069e1fa5_mv2.jpg/v1/fill/w_132,h_143,al_c,q_80,usm_0.66_1.00_0.01,blur_2/f38575_42f28026058a46d2b1bd625c]
[static.wixstatic.com/media/f38575_3c6ba2b79f9442408d54a75cd08a1cc2_mv2.jpg/v1/fill/w_147,h_174,al_c,q_80,usm_0.66_1.00_0.01,blur_2/f38575_3c6ba2b79f9442408d54a75c]
[static.wixstatic.com/media/f38575_d9e5f9747ac74ef39c660a6f27c6673d_mv2.jpg/v1/fill/w_147,h_166,al_c,q_80,usm_0.66_1.00_0.01,blur_2/f38575_d9e5f9747ac74ef39c660a6f]
[static.wixstatic.com/media/85bcec_77e1a63522ee486c81d4847a1e846b6f_mv2.jpg/v1/fill/w_120,h_120,al_c,q_80,usm_0.66_1.00_0.01,blur_2/85bcec_77e1a63522ee486c81d4847a]
[www.staxcycleclub.com/post/5-best-spin-bikes-for-home.html]
[static.wixstatic.com/media/f38575_1bfaa5f3456a42a4a52f7ad4b13523b7_mv2.jpg/v1/fill/w_147,h_98,al_c,q_80,usm_0.66_1.00_0.01,blur_2,/f38575_1bfaa5f3456a42a4a52f7ad4]
[www.staxcycleclub.com/post/5-ways-to-keep-your-summer-fitness-goals-on-track.html]
[www.staxcycleclub.com/post/wellness-challenge-feature-3-the-real-life-approach-to-performance-nutrition-with-jana.html]
[static.wixstatic.com/media/a27d70_8d8c958f005844dcb3c3c61a99b323a8_mv2.png/v1/fill/w_52,h_39,al_c,q_85,usm_0.66_1.00_0.01,blur_2,e/a27d70_8d8c958f005844dcb3c3c61a]
[static.wixstatic.com/media/a27d70_2077dc8bcc7247fe99b5a05145b22590_mv2.png/v1/fill/w_90,h_136,al_c,q_85,usm_0.66_1.00_0.01,blur_2,/a27d70_2077dc8bcc7247fe99b5a051]
[www.staxcycleclub.com/feed/tags/indoor-cycling-bike.html]
[static.parastorage.com/services/communities-blog-ooi/1.539.0/client/file-upload-viewer.chunk.min.css]
[www.staxcycleclub.com/post/wellness-challenge-feature-2-financial-health-with-alyssa.html]
[static.parastorage.com/services/communities-blog-ooi/1.539.0/client/file-upload-viewer.chunk.min.js]
[static.wixstatic.com/media/a27d70_5dc20eac1a244cb08bc56b666a5d8c51_mv2.png/v1/fill/w_59,h_59,al_c,q_85,usm_0.66_1.00_0.01,blur_2,e/a27d70_5dc20eac1a244cb08bc56b66]
[static.wixstatic.com/media/a27d70_eefe8239f2b849e49f2b67f569309695_mv2.jpg/v1/fill/w_147,h_221,al_c,q_80,usm_0.66_1.00_0.01,blur_2/a27d70_eefe8239f2b849e49f2b67f5]
[www.staxcycleclub.com/post/wellness-challenge-feature-1-mindful-eating-with-lisa.html]
[static.wixstatic.com/media/a27d70_7d0f0c67c6ca4c409dbb4642faf6d93c_mv2.jpg/v1/fill/w_147,h_125,al_c,q_80,usm_0.66_1.00_0.01,blur_2/a27d70_7d0f0c67c6ca4c409dbb4642]
[static.wixstatic.com/media/a27d70_5a87f70b5b644e6686991bcc8612bb25_mv2.png/v1/fill/w_97,h_139,al_c,q_85,usm_0.66_1.00_0.01,blur_2,/a27d70_5a87f70b5b644e6686991bcc]
[www.staxcycleclub.com/feed/tags/summer-fitness-goals.html]
[static.wixstatic.com/media/a27d70_afb962a3d9c347038cfa73209d1b56b5_mv2.jpg/v1/fill/w_147,h_106,al_c,q_80,usm_0.66_1.00_0.01,blur_2/a27d70_afb962a3d9c347038cfa7320]
[www.staxcycleclub.com/bonus-2.173.delayed]
[www.staxcycleclub.com/post/this-is-our-story-and-we-need-your-support.html]
[www.staxcycleclub.com/post/be-the-change-with-stax-on-demand-change-season-2020.html]
[static.wixstatic.com/media/a27d70_1914514c66a54ef5acf6da8ce0f4d497_mv2.png/v1/fill/w_51,h_17,al_c,q_85,usm_0.66_1.00_0.01,blur_2,e/a27d70_1914514c66a54ef5acf6da8c]
[static.wixstatic.com/media/a27d70_7f0e6c4a13b044658491884130b95e99_mv2.jpg/v1/fill/w_130,h_230,al_c,q_80,usm_0.66_1.00_0.01,blur_2/a27d70_7f0e6c4a13b0446584918841]
[static.wixstatic.com/media/a27d70_72f8d5993c054e08bcac4c0600adc5f0_mv2.png/v1/fill/w_49,h_28,al_c,q_85,usm_0.66_1.00_0.01,blur_2,e/a27d70_72f8d5993c054e08bcac4c06]
[static.wixstatic.com/media/a27d70_f783692b415a4bdcaabcb54948e4eb0d_mv2.jpe/v1/fill/w_147,h_110,al_c,q_80,usm_0.66_1.00_0.01,blur_2/a27d70_f783692b415a4bdcaabcb549]
[static.wixstatic.com/media/a27d70_d1175618722045c0b868b0be4d26ef69_mv2.jpg/v1/fill/w_147,h_196,al_c,q_80,usm_0.66_1.00_0.01,blur_2/a27d70_d1175618722045c0b868b0be]
[images-wixmp-7ef3383b5fd80a9f5a5cc686.wixmp.com/PersonalUploads/1b2db1f6cad148c8bb8ad0c95ba1e9ec.jpg]
[static.wixstatic.com/media/85bcec_dccb6ed475e3473a87681a2f1660fd92_mv2.jpg/v1/fill/w_147,h_221,al_c,q_80,usm_0.66_1.00_0.01,blur_2/85bcec_dccb6ed475e3473a87681a2f]
[static.wixstatic.com/media/85bcec_f469d8e5777640239c8c8168c643e3f3_mv2.png/v1/fill/w_66,h_54,al_c,q_85,usm_0.66_1.00_0.01,blur_2,e/85bcec_f469d8e5777640239c8c8168]
[static.wixstatic.com/media/85bcec_08ef3110642b4b6791614060df5ba6ad_mv2.png/v1/fill/w_67,h_56,al_c,q_85,usm_0.66_1.00_0.01,blur_2,e/85bcec_08ef3110642b4b6791614060]
[static.wixstatic.com/media/85bcec_9c28ac5bb57b43658eaa09525f24f0b8_mv2.png/v1/fill/w_51,h_44,al_c,q_85,usm_0.66_1.00_0.01,blur_2,e/85bcec_9c28ac5bb57b43658eaa0952]
[www.staxcycleclub.com/feed/hashtags/STAXSTREAM.html]
[www.staxcycleclub.com/post/snatch-your-snack-game-hot-stax-style.html]
[www.staxcycleclub.com/post/first-timer-tips-tricks-for-staxstream-success.html]
[static.wixstatic.com/media/a27d70_6b34e0df3fa24544841219687cd1ef45_mv2.jpg/v1/fill/w_147,h_98,al_c,q_80,usm_0.66_1.00_0.01,blur_2,/a27d70_6b34e0df3fa2454484121968]
[www.staxcycleclub.com/ride-with-us.html]
[static.wixstatic.com/media/85bcec_0c0d2d95284f4320ad97f6fc06355877_mv2.jpg/v1/fill/w_147,h_98,al_c,q_80,usm_0.66_1.00_0.01,blur_2,/85bcec_0c0d2d95284f4320ad97f6fc]
[static.wixstatic.com/media/a27d70_6c0f9aa173e04185a00019030f541a2c_mv2.jpe/v1/fill/w_147,h_98,al_c,q_80,usm_0.66_1.00_0.01,blur_2,/a27d70_6c0f9aa173e04185a0001903]
[www.staxcycleclub.com/feed/hashtags/willspinforcookies.html]
[www.staxcycleclub.com/feed/hashtags/STAXBABES.html]
[www.staxcycleclub.com/post/stax-x-ferda-girls-empowering-you-and-the-badass-women-of-our-kick-ass-community.html]
[www.staxcycleclub.com/charity.html]
[static.wixstatic.com/media/a27d24_3fe5c3f30d1247eeb4b1cc152e601f74_mv2.jpg/v1/fill/w_147,h_98,al_c,q_80,usm_0.66_1.00_0.01,blur_2,/a27d24_3fe5c3f30d1247eeb4b1cc15]
[www.staxcycleclub.com/savage-season.187.delayed]
[www.staxcycleclub.com/post/stay-at-home-and-stir-the-sauce-cause-it-s-savage-season-time.html]
[www.staxcycleclub.com/post/how-to-set-up-your-bike.html]
[www.staxcycleclub.com/post/crush-goals-and-cruise-that-hella-high-stax-hype-in-our-upcoming-charity-ride.html]
[static.wixstatic.com/media/a27d70_311ae043adde4f6aa3e0cea7216df3b1_mv2.jpg/v1/fill/w_147,h_98,al_c,q_80,usm_0.66_1.00_0.01,blur_2,/a27d70_311ae043adde4f6aa3e0cea7]
[www.staxcycleclub.com/post/spinning-into-stillness-take-a-mental-health-break-on-us.html]
[static.wixstatic.com/media/a27d70_da68516801e541c397435e57d7edce27_mv2.jpg/v1/fill/w_147,h_146,al_c,q_80,usm_0.66_1.00_0.01,blur_2/a27d70_da68516801e541c397435e57]
[static.wixstatic.com/media/a27d70_7c3bb5da327b4ee8abba8a4d2fd3e327_mv2.png/v1/fill/w_49,h_49,al_c,q_85,usm_0.66_1.00_0.01,blur_2,e/a27d70_7c3bb5da327b4ee8abba8a4d]
[static.wixstatic.com/media/a27d70_f2bd7958340d460597db8be4821f6253_mv2.jpg/v1/fill/w_147,h_98,al_c,q_80,usm_0.66_1.00_0.01,blur_2,/a27d70_f2bd7958340d460597db8be4]
[www.staxcycleclub.com/post/big-badass-breaking-news-fam.html]
[www.staxcycleclub.com/post/burnout-the-bikes-not-your-being.html]
[www.staxcycleclub.com/version/index.html]
[www.staxcycleclub.com/post/decodeURIComponent(e.html]
[static.wixstatic.com/media/a27d70_feff267bc07b45409a0858e12e0eea18_mv2.jpg/v1/fill/w_147,h_98,al_c,q_80,usm_0.66_1.00_0.01,blur_2,/a27d70_feff267bc07b45409a0858e1]
[www.staxcycleclub.com/post/robots.html]
[www.staxcycleclub.com/post/sitemap.html]
[www.staxcycleclub.com/post/feed.html]
[www.staxcycleclub.com/post/eec152dc.min.html]
[www.staxcycleclub.com/post/b604fd33.min.html]
[www.staxcycleclub.com/post/7c602eb2.min.html]
[www.staxcycleclub.com/post/caeea34d.min.html]
[www.staxcycleclub.com/post/99a6a99f.min.html]
[www.staxcycleclub.com/post/34b72cf9.min.html]
[www.staxcycleclub.com/post/7a36fe10.chunk.min.html]
[www.staxcycleclub.com/post/e3671379.chunk.min.html]
[www.staxcycleclub.com/post/rb_wixui.thunderbolt_bootstrap-classic.db545a77.chunk.min.html]
[www.staxcycleclub.com/post/rb_wixui.thunderbolt_bootstrap.8a86afda.chunk.min.html]
[www.staxcycleclub.com/post/rb_wixui.thunderbolt_bootstrap.7a36fe10.chunk.min.html]
[www.staxcycleclub.com/post/rb_wixui.thunderbolt_bootstrap-responsive.f3ca696f.chunk.min.html]
[www.staxcycleclub.com/post/rb_wixui.thunderbolt_bootstrap-responsive.e3671379.chunk.min.html]
[www.staxcycleclub.com/post/rb_wixui.thunderbolt_common-site-members-dialogs.384b0b57.chunk.min.html]
[www.staxcycleclub.com/post/rb_wixui.thunderbolt_common-site-members-dialogs.2059cbfd.chunk.min.html]
[www.staxcycleclub.com/feed/hashtags/livestream.html]
[static.parastorage.com/services/communities-blog-ooi/1.539.0/client/post-list-pro-gallery.chunk.min.css]
[static.parastorage.com/services/communities-blog-ooi/1.539.0/client/972.chunk.min.js]
[static.parastorage.com/services/communities-blog-ooi/1.539.0/client/5938.chunk.min.js]
[static.parastorage.com/services/communities-blog-ooi/1.539.0/client/5967.chunk.min.js]
[www.staxcycleclub.com/feed/page/2.html]
[www.staxcycleclub.com/feed-2.html]
[static.parastorage.com/services/communities-blog-ooi/1.539.0/client/post-list-pro-gallery.chunk.min.js]
[static.wixstatic.com/media/85bcec_89d553bc47a44f9abfb5e05e1cd35e4e_mv2.jpg/v1/fill/w_250,h_133,al_c,q_30,blur_30,enc_auto/85bcec_89d553bc47a44f9abfb5e05e1cd35e4e_]
[static.wixstatic.com/media/f38575_344363fa795942e7b8db3a7f0afdc798_mv2.png/v1/fill/w_1,h_1,fp_0.50_0.50,q_95,enc_auto/f38575_344363fa795942e7b8db3a7f0afdc798_mv2]
[static.wixstatic.com/media/85bcec_89d553bc47a44f9abfb5e05e1cd35e4e_mv2.jpg/v1/fill/w_1,h_1,fp_0.50_0.50,q_90,enc_auto/85bcec_89d553bc47a44f9abfb5e05e1cd35e4e_mv2]
[static.wixstatic.com/media/f38575_2e25cb05037f46ccab8dee9fee06c8ea_mv2.png/v1/fill/w_1,h_1,fp_0.50_0.50,q_95,enc_auto/f38575_2e25cb05037f46ccab8dee9fee06c8ea_mv2]
[static.wixstatic.com/media/f38575_9660a6f677824b278a7e75f0d36aa3a1_mv2.jpg/v1/fill/w_250,h_167,al_c,q_30,blur_30,enc_auto/f38575_9660a6f677824b278a7e75f0d36aa3a1_]
[static.wixstatic.com/media/f38575_9660a6f677824b278a7e75f0d36aa3a1_mv2.jpg/v1/fill/w_1,h_1,fp_0.50_0.50,q_90,enc_auto/f38575_9660a6f677824b278a7e75f0d36aa3a1_mv2]
[static.wixstatic.com/media/85bcec_1be3ede3235442a38d25df8054a98d5d_mv2.jpg/v1/fill/w_250,h_250,al_c,q_30,blur_30,enc_auto/85bcec_1be3ede3235442a38d25df8054a98d5d_]
[static.wixstatic.com/media/85bcec_1be3ede3235442a38d25df8054a98d5d_mv2.jpg/v1/fill/w_1,h_1,fp_0.50_0.50,q_90,enc_auto/85bcec_1be3ede3235442a38d25df8054a98d5d_mv2]
[static.wixstatic.com/media/f38575_7d440a41ba024048b3c3f5f10993d61a_mv2.jpg/v1/fill/w_1,h_1,fp_0.50_0.50,q_90,enc_auto/f38575_7d440a41ba024048b3c3f5f10993d61a_mv2]
[static.wixstatic.com/media/f38575_7d440a41ba024048b3c3f5f10993d61a_mv2.jpg/v1/fill/w_250,h_167,al_c,q_30,blur_30,enc_auto/f38575_7d440a41ba024048b3c3f5f10993d61a_]
[static.wixstatic.com/media/f38575_314985f57b184952aef04b132218368d_mv2.jpg/v1/fill/w_1,h_1,fp_0.50_0.50,q_90,enc_auto/f38575_314985f57b184952aef04b132218368d_mv2]
[static.wixstatic.com/media/f38575_314985f57b184952aef04b132218368d_mv2.jpg/v1/fill/w_250,h_167,al_c,q_30,blur_30,enc_auto/f38575_314985f57b184952aef04b132218368d_]
[static.wixstatic.com/media/f38575_c49d13cbb4ff423f92c3d68c1e3d77db_mv2.jpe/v1/fill/w_250,h_167,al_c,q_30,blur_30,enc_auto/f38575_c49d13cbb4ff423f92c3d68c1e3d77db_]
[static.wixstatic.com/media/f38575_06a8e768715a4b3aa1550b263f2f99d8_mv2.png/v1/fill/w_1,h_1,fp_0.50_0.50,q_95,enc_auto/f38575_06a8e768715a4b3aa1550b263f2f99d8_mv2]
[static.wixstatic.com/media/f38575_612bb0773e504fc78990518410f00337_mv2.png/v1/fill/w_1,h_1,fp_0.50_0.50,q_95,enc_auto/f38575_612bb0773e504fc78990518410f00337_mv2]
[www.staxcycleclub.com/feed/categories/decodeURIComponent(e.html]
[static.wixstatic.com/media/f38575_c49d13cbb4ff423f92c3d68c1e3d77db_mv2.jpe/v1/fill/w_1,h_1,fp_0.50_0.50,q_90,enc_auto/f38575_c49d13cbb4ff423f92c3d68c1e3d77db_mv2]
[static.wixstatic.com/media/f38575_b26d41b2f63d43ac8d04b710e94e6c2d_mv2.jpg/v1/fill/w_1,h_1,fp_0.50_0.50,q_90,enc_auto/f38575_b26d41b2f63d43ac8d04b710e94e6c2d_mv2]
[static.wixstatic.com/media/f38575_b26d41b2f63d43ac8d04b710e94e6c2d_mv2.jpg/v1/fill/w_250,h_187,al_c,q_30,blur_30,enc_auto/f38575_b26d41b2f63d43ac8d04b710e94e6c2d_]
[static.wixstatic.com/media/a27d70_302911af7ed44f0f9601651a64a95dc6_mv2.jpg/v1/fill/w_250,h_167,al_c,q_30,blur_30,enc_auto/a27d70_302911af7ed44f0f9601651a64a95dc6_]
[static.wixstatic.com/media/a27d70_302911af7ed44f0f9601651a64a95dc6_mv2.jpg/v1/fill/w_1,h_1,fp_0.50_0.50,q_90,enc_auto/a27d70_302911af7ed44f0f9601651a64a95dc6_mv2]
[static.wixstatic.com/media/85bcec_aa5c46cfd3984bcb885a70295a3660f9_mv2.jpg/v1/fill/w_1,h_1,fp_0.50_0.50,q_90,enc_auto/85bcec_aa5c46cfd3984bcb885a70295a3660f9_mv2]
[static.wixstatic.com/media/85bcec_aa5c46cfd3984bcb885a70295a3660f9_mv2.jpg/v1/fill/w_250,h_141,al_c,q_30,blur_30,enc_auto/85bcec_aa5c46cfd3984bcb885a70295a3660f9_]
[static.wixstatic.com/media/85bcec_ca47190b3cdf43bf9219a078c6690e4e_mv2.png/v1/fill/w_1,h_1,fp_0.50_0.50,q_95,enc_auto/85bcec_ca47190b3cdf43bf9219a078c6690e4e_mv2]
[static.wixstatic.com/media/f38575_25e57b20d061426c9c169d6f972d9958_mv2.png/v1/fill/w_1,h_1,fp_0.50_0.50,q_95,enc_auto/f38575_25e57b20d061426c9c169d6f972d9958_mv2]
[static.wixstatic.com/media/f38575_5ba367562c7442bd989ca3834d5c863b_mv2.png/v1/fill/w_1,h_1,fp_0.50_0.50,q_95,enc_auto/f38575_5ba367562c7442bd989ca3834d5c863b_mv2]
[static.wixstatic.com/media/f38575_e1c72dc369864f17a7e99551578eaef9_mv2.jpg/v1/fill/w_1,h_1,fp_0.50_0.50,q_90,enc_auto/f38575_e1c72dc369864f17a7e99551578eaef9_mv2]
[static.wixstatic.com/media/f38575_e1c72dc369864f17a7e99551578eaef9_mv2.jpg/v1/fill/w_250,h_167,al_c,q_30,blur_30,enc_auto/f38575_e1c72dc369864f17a7e99551578eaef9_]
[static.wixstatic.com/media/f38575_1be4fddf969c47d0a040517e4db6b826_mv2.jpg/v1/fill/w_250,h_167,al_c,q_30,blur_30,enc_auto/f38575_1be4fddf969c47d0a040517e4db6b826_]
[www.staxcycleclub.com/feed/categories/robots.html]
[static.wixstatic.com/media/f38575_1bfaa5f3456a42a4a52f7ad4b13523b7_mv2.jpg/v1/fill/w_250,h_167,al_c,q_30,blur_30,enc_auto/f38575_1bfaa5f3456a42a4a52f7ad4b13523b7_]
[static.wixstatic.com/media/f38575_1be4fddf969c47d0a040517e4db6b826_mv2.jpg/v1/fill/w_1,h_1,fp_0.50_0.50,q_90,enc_auto/f38575_1be4fddf969c47d0a040517e4db6b826_mv2]
[static.wixstatic.com/media/f38575_1bfaa5f3456a42a4a52f7ad4b13523b7_mv2.jpg/v1/fill/w_1,h_1,fp_0.50_0.50,q_90,enc_auto/f38575_1bfaa5f3456a42a4a52f7ad4b13523b7_mv2]
[www.staxcycleclub.com/feed/categories/sitemap.1b6.delayed]
[static.wixstatic.com/media/a27d70_8d8c958f005844dcb3c3c61a99b323a8_mv2.png/v1/fill/w_1,h_1,fp_0.50_0.50,q_95,enc_auto/a27d70_8d8c958f005844dcb3c3c61a99b323a8_mv2]
[www.staxcycleclub.com/feed/categories/feed.1b7.delayed]
[www.staxcycleclub.com/feed/categories/eec152dc.min.html]
[www.staxcycleclub.com/feed/categories/version/index.html]
[www.staxcycleclub.com/feed/categories/b604fd33.min.html]
[www.staxcycleclub.com/feed/categories/7c602eb2.min.html]
[www.staxcycleclub.com/feed/categories/caeea34d.min.html]
[www.staxcycleclub.com/feed/categories/99a6a99f.min.html]
[www.staxcycleclub.com/feed/categories/34b72cf9.min.html]
[www.staxcycleclub.com/feed/categories/7a36fe10.chunk.min.html]
[www.staxcycleclub.com/feed/categories/e3671379.chunk.min.html]
[www.staxcycleclub.com/feed/categories/rb_wixui.thunderbolt_bootstrap-classic.db545a77.chunk.min.html]
[www.staxcycleclub.com/feed/categories/rb_wixui.thunderbolt_bootstrap.8a86afda.chunk.min.html]
[www.staxcycleclub.com/feed/categories/rb_wixui.thunderbolt_bootstrap.7a36fe10.chunk.min.html]
[www.staxcycleclub.com/feed/categories/rb_wixui.thunderbolt_bootstrap-responsive.e3671379.chunk.min.html]
[www.staxcycleclub.com/feed/categories/rb_wixui.thunderbolt_bootstrap-responsive.f3ca696f.chunk.min.html]
[www.staxcycleclub.com/feed/categories/rb_wixui.thunderbolt_common-site-members-dialogs.384b0b57.chunk.min.html]
[www.staxcycleclub.com/feed/categories/fitness-equipment.html]
[static.wixstatic.com/media/85bcec_1be3ede3235442a38d25df8054a98d5d_mv2.jpg/v1/fill/w_480,h_386,fp_0.50_0.50,q_90,enc_auto/85bcec_1be3ede3235442a38d25df8054a98d5d_]
[static.wixstatic.com/media/f38575_06a8e768715a4b3aa1550b263f2f99d8_mv2.png/v1/fill/w_514,h_386,fp_0.50_0.50,q_95,enc_auto/f38575_06a8e768715a4b3aa1550b263f2f99d8_]
[static.wixstatic.com/media/f38575_25e57b20d061426c9c169d6f972d9958_mv2.png/v1/fill/w_514,h_386,fp_0.50_0.50,q_95,enc_auto/f38575_25e57b20d061426c9c169d6f972d9958_]
[static.wixstatic.com/media/f38575_1be4fddf969c47d0a040517e4db6b826_mv2.jpg/v1/fill/w_514,h_386,fp_0.50_0.50,q_90,enc_auto/f38575_1be4fddf969c47d0a040517e4db6b826_]
[www.staxcycleclub.com/feed/categories/fitness.html]
[static.wixstatic.com/media/a27d70_311ae043adde4f6aa3e0cea7216df3b1_mv2.jpg/v1/fill/w_514,h_386,fp_0.50_0.50,q_90,enc_auto/a27d70_311ae043adde4f6aa3e0cea7216df3b1_]
[static.wixstatic.com/media/85bcec_89d553bc47a44f9abfb5e05e1cd35e4e_mv2.jpg/v1/fill/w_514,h_386,fp_0.50_0.50,q_90,enc_auto/85bcec_89d553bc47a44f9abfb5e05e1cd35e4e_]
[www.staxcycleclub.com/feed/categories/rb_wixui.thunderbolt_common-site-members-dialogs.2059cbfd.chunk.min.html]
[static.wixstatic.com/media/f38575_9660a6f677824b278a7e75f0d36aa3a1_mv2.jpg/v1/fill/w_514,h_386,fp_0.50_0.50,q_90,enc_auto/f38575_9660a6f677824b278a7e75f0d36aa3a1_]
[static.wixstatic.com/media/f38575_2e25cb05037f46ccab8dee9fee06c8ea_mv2.png/v1/fill/w_514,h_386,fp_0.50_0.50,q_95,enc_auto/f38575_2e25cb05037f46ccab8dee9fee06c8ea_]
[static.wixstatic.com/media/f38575_314985f57b184952aef04b132218368d_mv2.jpg/v1/fill/w_514,h_386,fp_0.50_0.50,q_90,enc_auto/f38575_314985f57b184952aef04b132218368d_]
[static.wixstatic.com/media/85bcec_aa5c46cfd3984bcb885a70295a3660f9_mv2.jpg/v1/fill/w_514,h_386,fp_0.50_0.50,q_90,enc_auto/85bcec_aa5c46cfd3984bcb885a70295a3660f9_]
[static.wixstatic.com/media/85bcec_ca47190b3cdf43bf9219a078c6690e4e_mv2.png/v1/fill/w_514,h_386,fp_0.50_0.50,q_95,enc_auto/85bcec_ca47190b3cdf43bf9219a078c6690e4e_]
[static.wixstatic.com/media/f38575_e1c72dc369864f17a7e99551578eaef9_mv2.jpg/v1/fill/w_514,h_386,fp_0.50_0.50,q_90,enc_auto/f38575_e1c72dc369864f17a7e99551578eaef9_]
[www.staxcycleclub.com/feed/categories/healthy-lifestyle.html]
[static.wixstatic.com/media/f38575_1bfaa5f3456a42a4a52f7ad4b13523b7_mv2.jpg/v1/fill/w_514,h_386,fp_0.50_0.50,q_90,enc_auto/f38575_1bfaa5f3456a42a4a52f7ad4b13523b7_]
[static.wixstatic.com/media/f38575_344363fa795942e7b8db3a7f0afdc798_mv2.png/v1/fill/w_514,h_386,fp_0.50_0.50,q_95,enc_auto/f38575_344363fa795942e7b8db3a7f0afdc798_]
[static.wixstatic.com/media/f38575_7d440a41ba024048b3c3f5f10993d61a_mv2.jpg/v1/fill/w_514,h_386,fp_0.50_0.50,q_90,enc_auto/f38575_7d440a41ba024048b3c3f5f10993d61a_]
[www.staxcycleclub.com/feed/categories/pregnancy-fitness.html]
[static.wixstatic.com/media/f38575_612bb0773e504fc78990518410f00337_mv2.png/v1/fill/w_514,h_386,fp_0.50_0.50,q_95,enc_auto/f38575_612bb0773e504fc78990518410f00337_]
[www.staxcycleclub.com/feed/categories/nutrition.html]
[static.wixstatic.com/media/f38575_c49d13cbb4ff423f92c3d68c1e3d77db_mv2.jpe/v1/fill/w_514,h_386,fp_0.50_0.50,q_90,enc_auto/f38575_c49d13cbb4ff423f92c3d68c1e3d77db_]
[static.wixstatic.com/media/f38575_b26d41b2f63d43ac8d04b710e94e6c2d_mv2.jpg/v1/fill/w_514,h_386,fp_0.50_0.50,q_90,enc_auto/f38575_b26d41b2f63d43ac8d04b710e94e6c2d_]
[static.wixstatic.com/media/a27d70_302911af7ed44f0f9601651a64a95dc6_mv2.jpg/v1/fill/w_514,h_386,fp_0.50_0.50,q_90,enc_auto/a27d70_302911af7ed44f0f9601651a64a95dc6_]
[www.staxcycleclub.com/feed/categories/healthy-eating.html]
[static.wixstatic.com/media/f38575_5ba367562c7442bd989ca3834d5c863b_mv2.png/v1/fill/w_514,h_386,fp_0.50_0.50,q_95,enc_auto/f38575_5ba367562c7442bd989ca3834d5c863b_]
[static.wixstatic.com/media/a27d70_8d8c958f005844dcb3c3c61a99b323a8_mv2.png/v1/fill/w_514,h_386,fp_0.50_0.50,q_95,enc_auto/a27d70_8d8c958f005844dcb3c3c61a99b323a8_]
[www.staxcycleclub.com/feed/categories/strength-training.html]
[static.wixstatic.com/media/a27d70_5dc20eac1a244cb08bc56b666a5d8c51_mv2.png/v1/fill/w_514,h_386,fp_0.50_0.50,q_95,enc_auto/a27d70_5dc20eac1a244cb08bc56b666a5d8c51_]
[www.staxcycleclub.com/feed/categories/fitness-hacks.html]
